<?xml version="1.0" encoding="UTF-8"?>
<testng-results ignored="0" total="1" passed="1" failed="0" skipped="0">
  <reporter-output>
  </reporter-output>
  <suite started-at="2024-08-04T17:35:57 IST" name="Default suite" finished-at="2024-08-04T17:43:23 IST" duration-ms="445791">
    <groups>
    </groups>
    <test started-at="2024-08-04T17:35:57 IST" name="Default test" finished-at="2024-08-04T17:43:23 IST" duration-ms="445791">
      <class name="BasicTesting">
        <test-method signature="show()[pri:0, instance:BasicTesting@f5acb9d]" started-at="2024-08-04T17:35:57 IST" name="show" finished-at="2024-08-04T17:43:22 IST" duration-ms="445748" status="PASS">
          <reporter-output>
          </reporter-output>
        </test-method> <!-- show -->
      </class> <!-- BasicTesting -->
    </test> <!-- Default test -->
  </suite> <!-- Default suite -->
</testng-results>
